<?xml version="1.0" encoding="UTF-8"?>
<testsuite xmlns:xsi="http://www.w3.org/2001/XMLSchema-instance" xsi:noNamespaceSchemaLocation="https://maven.apache.org/surefire/maven-surefire-plugin/xsd/surefire-test-report.xsd" version="3.0.2" name="br.com.erudio.RestWithSpringBootErudio5ApplicationTests" time="3.783" tests="1" errors="0" skipped="0" failures="0">
  <properties>
[...]
</properties>
  <testcase name="contextLoads" classname="br.com.erudio.RestWithSpringBootErudio5ApplicationTests" time="0.382">
    <system-out><![CDATA[18:07:49.297 [main] INFO org.springframework.test.context.support.AnnotationConfigContextLoaderUtils -- Could not detect default configuration classes for test class [br.com.erudio.RestWithSpringBootErudio5ApplicationTests]: RestWithSpringBootErudio5ApplicationTests does not declare any static, non-private, non-final, nested classes annotated with @Configuration.
18:07:49.404 [main] INFO org.springframework.boot.test.context.SpringBootTestContextBootstrapper -- Found @SpringBootConfiguration br.com.erudio.Startup for test class br.com.erudio.RestWithSpringBootErudio5ApplicationTests
18:07:49.565 [main] INFO org.springframework.boot.devtools.restart.RestartApplicationListener -- Restart disabled due to context in which it is running

  .   ____          _            __ _ _
 /\\ / ___'_ __ _ _(_)_ __  __ _ \ \ \ \
( ( )\___ | '_ | '_| | '_ \/ _` | \ \ \ \
 \\/  ___)| |_)| | | | | || (_| |  ) ) ) )
  '  |____| .__|_| |_|_| |_\__, | / / / /
 =========|_|==============|___/=/_/_/_/

 :: Spring Boot ::                (v4.0.2)

2026-02-06T18:07:49.827-03:00  INFO 2704 --- [rest-with-spring-boot-erudio-5] [           main] estWithSpringBootErudio5ApplicationTests : Starting RestWithSpringBootErudio5ApplicationTests using Java 25.0.2 with PID 2704 (started by Rafa in C:\Users\Rafa\Documents\All Saints Day\All Saints Days\Udemy\SpringBoot\rest-with-spring-boot-erudio-5\rest-with-spring-boot-erudio-5 (1)\rest-with-spring-boot-erudio-5)
2026-02-06T18:07:49.829-03:00  INFO 2704 --- [rest-with-spring-boot-erudio-5] [           main] estWithSpringBootErudio5ApplicationTests : No active profile set, falling back to 1 default profile: "default"
2026-02-06T18:07:50.450-03:00  INFO 2704 --- [rest-with-spring-boot-erudio-5] [           main] .s.d.r.c.RepositoryConfigurationDelegate : Bootstrapping Spring Data JPA repositories in DEFAULT mode.
2026-02-06T18:07:50.479-03:00  INFO 2704 --- [rest-with-spring-boot-erudio-5] [           main] .s.d.r.c.RepositoryConfigurationDelegate : Finished Spring Data repository scanning in 20 ms. Found 0 JPA repository interfaces.
2026-02-06T18:07:50.781-03:00  INFO 2704 --- [rest-with-spring-boot-erudio-5] [           main] org.hibernate.orm.jpa                    : HHH008540: Processing PersistenceUnitInfo [name: default]
2026-02-06T18:07:50.830-03:00  INFO 2704 --- [rest-with-spring-boot-erudio-5] [           main] org.hibernate.orm.core                   : HHH000001: Hibernate ORM core version 7.2.1.Final
2026-02-06T18:07:51.344-03:00  INFO 2704 --- [rest-with-spring-boot-erudio-5] [           main] o.s.o.j.p.SpringPersistenceUnitInfo      : No LoadTimeWeaver setup: ignoring JPA class transformer
2026-02-06T18:07:51.381-03:00  INFO 2704 --- [rest-with-spring-boot-erudio-5] [           main] com.zaxxer.hikari.HikariDataSource       : HikariPool-1 - Starting...
2026-02-06T18:07:51.658-03:00  INFO 2704 --- [rest-with-spring-boot-erudio-5] [           main] com.zaxxer.hikari.pool.HikariPool        : HikariPool-1 - Added connection com.mysql.cj.jdbc.ConnectionImpl@57e57dc5
2026-02-06T18:07:51.660-03:00  INFO 2704 --- [rest-with-spring-boot-erudio-5] [           main] com.zaxxer.hikari.HikariDataSource       : HikariPool-1 - Start completed.
2026-02-06T18:07:51.706-03:00  WARN 2704 --- [rest-with-spring-boot-erudio-5] [           main] org.hibernate.orm.deprecation            : HHH90000025: MySQLDialect does not need to be specified explicitly using 'hibernate.dialect' (remove the property setting and it will be selected by default)
2026-02-06T18:07:51.722-03:00  INFO 2704 --- [rest-with-spring-boot-erudio-5] [           main] org.hibernate.orm.connections.pooling    : HHH10001005: Database info:
	Database JDBC URL [jdbc:mysql://localhost:3306/rest_with_spring_boot_erudio?useTimezone=true&serverTimezone=UTC]
	Database driver: MySQL Connector/J
	Database dialect: MySQLDialect
	Database version: 9.6
	Default catalog/schema: rest_with_spring_boot_erudio/undefined
	Autocommit mode: undefined/unknown
	Isolation level: REPEATABLE_READ [default REPEATABLE_READ]
	JDBC fetch size: none
	Pool: DataSourceConnectionProvider
	Minimum pool size: undefined/unknown
	Maximum pool size: undefined/unknown
2026-02-06T18:07:52.036-03:00  INFO 2704 --- [rest-with-spring-boot-erudio-5] [           main] org.hibernate.orm.core                   : HHH000489: No JTA platform available (set 'hibernate.transaction.jta.platform' to enable JTA platform integration)
2026-02-06T18:07:52.043-03:00  INFO 2704 --- [rest-with-spring-boot-erudio-5] [           main] j.LocalContainerEntityManagerFactoryBean : Initialized JPA EntityManagerFactory for persistence unit 'default'
2026-02-06T18:07:52.130-03:00  WARN 2704 --- [rest-with-spring-boot-erudio-5] [           main] JpaBaseConfiguration$JpaWebConfiguration : spring.jpa.open-in-view is enabled by default. Therefore, database queries may be performed during view rendering. Explicitly configure spring.jpa.open-in-view to disable this warning
2026-02-06T18:07:52.529-03:00  INFO 2704 --- [rest-with-spring-boot-erudio-5] [           main] estWithSpringBootErudio5ApplicationTests : Started RestWithSpringBootErudio5ApplicationTests in 2.977 seconds (process running for 3.956)
]]></system-out>
    <system-err><![CDATA[Mockito is currently self-attaching to enable the inline-mock-maker. This will no longer work in future releases of the JDK. Please add Mockito as an agent to your build as described in Mockito's documentation: https://javadoc.io/doc/org.mockito/mockito-core/latest/org.mockito/org/mockito/Mockito.html#0.3
WARNING: A Java agent has been loaded dynamically (C:\Users\Rafa\.m2\repository\net\bytebuddy\byte-buddy-agent\1.17.8\byte-buddy-agent-1.17.8.jar)
WARNING: If a serviceability tool is in use, please run with -XX:+EnableDynamicAgentLoading to hide this warning
WARNING: If a serviceability tool is not in use, please run with -Djdk.instrument.traceUsage for more information
WARNING: Dynamic loading of agents will be disallowed by default in a future release
]]></system-err>
  </testcase>
</testsuite>